#
# A fatal error has been detected by the Java Runtime Environment:
#
#  EXCEPTION_ACCESS_VIOLATION (0xc0000005) at pc=0x00007ffa58c659b7, pid=21664, tid=11780
#
# JRE version: OpenJDK Runtime Environment (15.0.1+9) (build 15.0.1+9-18)
# Java VM: OpenJDK 64-Bit Server VM (15.0.1+9-18, mixed mode, tiered, compressed oops, g1 gc, windows-amd64)
# Problematic frame:
# V  [jvm.dll+0x5559b7]
#
# No core dump will be written. Minidumps are not enabled by default on client versions of Windows
#
# If you would like to submit a bug report, please visit:
#   https://bugreport.java.com/bugreport/crash.jsp
#

---------------  S U M M A R Y ------------

Command Line: -Dfile.encoding=UTF-8 -XX:+ShowCodeDetailsInExceptionMessages com.example.springsecurityjdbc.SpringSecurityJdbcApplication

Host: Intel(R) Core(TM) i5-8250U CPU @ 1.60GHz, 4 cores, 7G,  Windows 10 , 64 bit Build 18362 (10.0.18362.1350)
Time: Fri Mar  5 17:54:26 2021 India Standard Time elapsed time: 49.000407 seconds (0d 0h 0m 49s)

---------------  T H R E A D  ---------------

Current thread (0x000001b2a71371a0):  JavaThread "C2 CompilerThread0" daemon [_thread_in_native, id=11780, stack(0x0000007661000000,0x0000007661100000)]


Current CompileTask:
C2:  49001 5545       4       jdk.internal.org.objectweb.asm.Frame::execute (2305 bytes)

Stack: [0x0000007661000000,0x0000007661100000],  sp=0x00000076610fbe60,  free space=1007k
Native frames: (J=compiled Java code, j=interpreted, Vv=VM code, C=native code)
V  [jvm.dll+0x5559b7]
V  [jvm.dll+0x678552]
V  [jvm.dll+0x18e023]
V  [jvm.dll+0x1ea762]
V  [jvm.dll+0x1e98ae]
V  [jvm.dll+0x1784c7]
V  [jvm.dll+0x1f9165]
V  [jvm.dll+0x1f720c]
V  [jvm.dll+0x74485d]
V  [jvm.dll+0x73d65a]
V  [jvm.dll+0x629c56]
C  [ucrtbase.dll+0x210b2]
C  [KERNEL32.DLL+0x17c24]
C  [ntdll.dll+0x6d721]


siginfo: EXCEPTION_ACCESS_VIOLATION (0xc0000005), reading address 0xffffffffffffffff


Register to memory mapping:

RIP=0x00007ffa58c659b7 jvm.dll
RAX=0x000001b2a68f4a40 is pointing into metadata
RBX=0x000000000000e5b0 is an unknown value
RCX=0x000001b2a7abdab0 points into unknown readable memory: 0x00007ffa58f3c778 | 78 c7 f3 58 fa 7f 00 00
RDX=0x0000000000000013 is an unknown value
RSP=0x00000076610fbe60 is pointing into the stack for thread: 0x000001b2a71371a0
RBP=0x0000000000000013 is an unknown value
RSI=0x000001b2a7abdab0 points into unknown readable memory: 0x00007ffa58f3c778 | 78 c7 f3 58 fa 7f 00 00
RDI=0x000001b2a814dfd0 points into unknown readable memory: 0x000001b2a814e010 | 10 e0 14 a8 b2 01 00 00
R8 =0x0db42ac2043a592a is an unknown value
R9 =0x0 is NULL
R10=0x0000000000000015 is an unknown value
R11=0x0000000000000086 is an unknown value
R12=0x000001b2a8ab8090 points into unknown readable memory: 0x00007ffa58f5c820 | 20 c8 f5 58 fa 7f 00 00
R13=0x000001b2aa25ef90 points into unknown readable memory: 0x0001000105555455 | 55 54 55 05 01 00 01 00
R14=0x0000000000000029 is an unknown value
R15=0x0000000000000013 is an unknown value


Registers:
RAX=0x000001b2a68f4a40, RBX=0x000000000000e5b0, RCX=0x000001b2a7abdab0, RDX=0x0000000000000013
RSP=0x00000076610fbe60, RBP=0x0000000000000013, RSI=0x000001b2a7abdab0, RDI=0x000001b2a814dfd0
R8 =0x0db42ac2043a592a, R9 =0x0000000000000000, R10=0x0000000000000015, R11=0x0000000000000086
R12=0x000001b2a8ab8090, R13=0x000001b2aa25ef90, R14=0x0000000000000029, R15=0x0000000000000013
RIP=0x00007ffa58c659b7, EFLAGS=0x0000000000010206

Top of Stack: (sp=0x00000076610fbe60)
0x00000076610fbe60:   00007ffa59108c20 00000076610fc6f0
0x00000076610fbe70:   0000000000000001 000001b2aa672690
0x00000076610fbe80:   0000000000000029 00007ffa58d88552
0x00000076610fbe90:   000000000000e5b0 00000000000002a0
0x00000076610fbea0:   00000076610fbf90 00000076610fbf90
0x00000076610fbeb0:   000001b2a8ab8300 000001b200000001
0x00000076610fbec0:   000001b200001072 00000076610fc001
0x00000076610fbed0:   000001b200000000 00000076610fc1b0
0x00000076610fbee0:   000000000000002d 00007ffa58a434c5
0x00000076610fbef0:   000000760000001e 000001b2aa1f68b0
0x00000076610fbf00:   000001b2a7abdab0 0000002900000013
0x00000076610fbf10:   000001b200000086 000001b2a814dfd0
0x00000076610fbf20:   000001b20000001e 000001b2af7a8360
0x00000076610fbf30:   0000019700000000 000001b2af7a8790
0x00000076610fbf40:   000001b2a86cdeb0 000000000000e5b0
0x00000076610fbf50:   00000ee000000000 00000076610fc430 

Instructions: (pc=0x00007ffa58c659b7)
0x00007ffa58c658b7:   74 27 48 3d ff 6b ca 88 74 1f 48 8b 06 48 8b ce
0x00007ffa58c658c7:   ff 90 d8 00 00 00 8b 48 10 83 e9 0f 83 f9 06 77
0x00007ffa58c658d7:   08 49 89 06 eb 03 49 89 3f 49 8b c5 48 8b 5c 24
0x00007ffa58c658e7:   50 48 8b 6c 24 58 48 8b 74 24 68 48 83 c4 20 41
0x00007ffa58c658f7:   5f 41 5e 41 5d 41 5c 5f c3 48 89 5c 24 10 48 89
0x00007ffa58c65907:   6c 24 18 56 48 83 ec 20 48 8b 01 48 8b d9 8b 69
0x00007ffa58c65917:   3c ff 90 b8 00 00 00 8b f0 85 ed 74 2e 48 89 7c
0x00007ffa58c65927:   24 30 33 ff 0f 1f 44 00 00 48 8b 4b 40 48 8b 0c
0x00007ffa58c65937:   0f 48 8b 11 ff 92 c0 00 00 00 03 f0 48 8d 7f 08
0x00007ffa58c65947:   48 83 ed 01 75 e3 48 8b 7c 24 30 48 8b cb e8 76
0x00007ffa58c65957:   44 0b 00 48 8b 5c 24 38 03 c6 48 8b 6c 24 40 48
0x00007ffa58c65967:   83 c4 20 5e c3 cc cc cc cc 48 83 ec 28 ba 5d 00
0x00007ffa58c65977:   00 00 48 8d 0d 70 90 36 00 e8 3b 07 cc ff e8 b6
0x00007ffa58c65987:   4f 0d 00 b8 05 00 00 00 48 83 c4 28 c3 cc cc cc
0x00007ffa58c65997:   cc cc cc cc cc cc cc cc cc 48 89 6c 24 18 56 48
0x00007ffa58c659a7:   83 ec 20 48 8b 41 78 48 8b f1 8b ea 4c 8b 40 18
0x00007ffa58c659b7:   41 3b 50 18 73 1e 48 8d 04 6d 00 00 00 00 48 03
0x00007ffa58c659c7:   c5 48 c1 e0 05 48 03 41 48 48 8b 6c 24 40 48 83
0x00007ffa58c659d7:   c4 20 5e c3 48 8b 01 ff 90 c8 00 00 00 3b e8 75
0x00007ffa58c659e7:   12 48 8b 05 09 0d 4a 00 48 8b 6c 24 40 48 83 c4
0x00007ffa58c659f7:   20 5e c3 65 48 8b 04 25 58 00 00 00 8b 0d c3 a4
0x00007ffa58c65a07:   57 00 48 89 5c 24 30 48 89 7c 24 38 48 8b 1c c8
0x00007ffa58c65a17:   b8 40 00 00 00 80 3c 18 00 75 05 e8 c5 2c 28 00
0x00007ffa58c65a27:   b8 08 00 00 00 48 8b 04 18 0f b6 9e a1 00 00 00
0x00007ffa58c65a37:   48 8b 88 d0 04 00 00 48 8b 81 80 00 00 00 48 8b
0x00007ffa58c65a47:   b8 b8 07 00 00 48 8b 46 08 48 8b 0c e8 48 8b 01
0x00007ffa58c65a57:   ff 50 68 48 8b 6c 24 40 84 db 48 8b 5c 24 30 b9
0x00007ffa58c65a67:   78 0b 00 00 8b d0 b8 08 0b 00 00 0f 44 c8 48 8d
0x00007ffa58c65a77:   04 0f 48 8b 7c 24 38 48 8b 04 d0 48 83 c4 20 5e
0x00007ffa58c65a87:   c3 cc cc cc cc cc cc cc cc 48 89 5c 24 08 57 48
0x00007ffa58c65a97:   83 ec 20 48 8b 41 78 48 8b d9 8b fa 4c 8b 40 18
0x00007ffa58c65aa7:   41 3b 50 18 73 17 48 8d 04 7f 48 c1 e0 05 48 03 


Stack slot to memory mapping:
stack at sp + 0 slots: 0x00007ffa59108c20 jvm.dll
stack at sp + 1 slots: 0x00000076610fc6f0 is pointing into the stack for thread: 0x000001b2a71371a0
stack at sp + 2 slots: 0x0000000000000001 is an unknown value
stack at sp + 3 slots: 0x000001b2aa672690 points into unknown readable memory: 0x00007ffa58f752b8 | b8 52 f7 58 fa 7f 00 00
stack at sp + 4 slots: 0x0000000000000029 is an unknown value
stack at sp + 5 slots: 0x00007ffa58d88552 jvm.dll
stack at sp + 6 slots: 0x000000000000e5b0 is an unknown value
stack at sp + 7 slots: 0x00000000000002a0 is an unknown value


---------------  P R O C E S S  ---------------

Threads class SMR info:
_java_thread_list=0x000001b2ad5b3270, length=30, elements={
0x000001b2a714c010, 0x000001b2a714c6d0, 0x000001b2a71722b0, 0x000001b2a7174980,
0x000001b2a7175040, 0x000001b2a71371a0, 0x000001b2a7139e70, 0x000001b2a713a380,
0x000001b2a72f6720, 0x000001b2a732ab10, 0x000001b2a8440800, 0x000001b2a843e650,
0x000001b2a843d7e0, 0x000001b2a843dcb0, 0x000001b2a843fe60, 0x000001b2a843f4c0,
0x000001b2ad3807b0, 0x000001b2ad3854b0, 0x000001b2ad381150, 0x000001b2ad3837d0,
0x000001b2ad3802e0, 0x000001b2ad383ca0, 0x000001b2ad384170, 0x000001b2ad380c80,
0x000001b2ad382e30, 0x000001b2ad381620, 0x000001b2ad37f940, 0x000001b2ad381af0,
0x000001b2ad384640, 0x000001b2aaa627c0
}

Java Threads: ( => current thread )
  0x000001b2a714c010 JavaThread "Reference Handler" daemon [_thread_blocked, id=15528, stack(0x0000007660b00000,0x0000007660c00000)]
  0x000001b2a714c6d0 JavaThread "Finalizer" daemon [_thread_blocked, id=1564, stack(0x0000007660c00000,0x0000007660d00000)]
  0x000001b2a71722b0 JavaThread "Signal Dispatcher" daemon [_thread_blocked, id=10480, stack(0x0000007660d00000,0x0000007660e00000)]
  0x000001b2a7174980 JavaThread "Attach Listener" daemon [_thread_blocked, id=24596, stack(0x0000007660e00000,0x0000007660f00000)]
  0x000001b2a7175040 JavaThread "Service Thread" daemon [_thread_blocked, id=22864, stack(0x0000007660f00000,0x0000007661000000)]
=>0x000001b2a71371a0 JavaThread "C2 CompilerThread0" daemon [_thread_in_native, id=11780, stack(0x0000007661000000,0x0000007661100000)]
  0x000001b2a7139e70 JavaThread "C1 CompilerThread0" daemon [_thread_blocked, id=21968, stack(0x0000007661100000,0x0000007661200000)]
  0x000001b2a713a380 JavaThread "Sweeper thread" daemon [_thread_blocked, id=25048, stack(0x0000007661200000,0x0000007661300000)]
  0x000001b2a72f6720 JavaThread "Notification Thread" daemon [_thread_blocked, id=14912, stack(0x0000007661300000,0x0000007661400000)]
  0x000001b2a732ab10 JavaThread "Common-Cleaner" daemon [_thread_blocked, id=13748, stack(0x0000007661500000,0x0000007661600000)]
  0x000001b2a8440800 JavaThread "Catalina-utility-1" [_thread_blocked, id=9272, stack(0x0000007661a00000,0x0000007661b00000)]
  0x000001b2a843e650 JavaThread "Catalina-utility-2" [_thread_blocked, id=12160, stack(0x0000007661c00000,0x0000007661d00000)]
  0x000001b2a843d7e0 JavaThread "container-0" [_thread_blocked, id=24524, stack(0x0000007661d00000,0x0000007661e00000)]
  0x000001b2a843dcb0 JavaThread "mysql-cj-abandoned-connection-cleanup" daemon [_thread_blocked, id=19188, stack(0x0000007661e00000,0x0000007661f00000)]
  0x000001b2a843fe60 JavaThread "HikariPool-1 housekeeper" daemon [_thread_blocked, id=15276, stack(0x0000007662000000,0x0000007662100000)]
  0x000001b2a843f4c0 JavaThread "http-nio-8888-BlockPoller" daemon [_thread_in_native, id=24756, stack(0x0000007662200000,0x0000007662300000)]
  0x000001b2ad3807b0 JavaThread "http-nio-8888-exec-1" daemon [_thread_blocked, id=14604, stack(0x0000007662300000,0x0000007662400000)]
  0x000001b2ad3854b0 JavaThread "http-nio-8888-exec-2" daemon [_thread_blocked, id=936, stack(0x0000007662400000,0x0000007662500000)]
  0x000001b2ad381150 JavaThread "http-nio-8888-exec-3" daemon [_thread_blocked, id=25404, stack(0x0000007662500000,0x0000007662600000)]
  0x000001b2ad3837d0 JavaThread "http-nio-8888-exec-4" daemon [_thread_blocked, id=14772, stack(0x0000007662600000,0x0000007662700000)]
  0x000001b2ad3802e0 JavaThread "http-nio-8888-exec-5" daemon [_thread_blocked, id=2424, stack(0x0000007662700000,0x0000007662800000)]
  0x000001b2ad383ca0 JavaThread "http-nio-8888-exec-6" daemon [_thread_blocked, id=11468, stack(0x0000007662800000,0x0000007662900000)]
  0x000001b2ad384170 JavaThread "http-nio-8888-exec-7" daemon [_thread_blocked, id=14160, stack(0x0000007662900000,0x0000007662a00000)]
  0x000001b2ad380c80 JavaThread "http-nio-8888-exec-8" daemon [_thread_blocked, id=3480, stack(0x0000007662a00000,0x0000007662b00000)]
  0x000001b2ad382e30 JavaThread "http-nio-8888-exec-9" daemon [_thread_blocked, id=24132, stack(0x0000007662b00000,0x0000007662c00000)]
  0x000001b2ad381620 JavaThread "http-nio-8888-exec-10" daemon [_thread_blocked, id=17160, stack(0x0000007662c00000,0x0000007662d00000)]
  0x000001b2ad37f940 JavaThread "http-nio-8888-ClientPoller" daemon [_thread_in_native, id=3068, stack(0x0000007662d00000,0x0000007662e00000)]
  0x000001b2ad381af0 JavaThread "http-nio-8888-Acceptor" daemon [_thread_in_native, id=24212, stack(0x0000007662e00000,0x0000007662f00000)]
  0x000001b2ad384640 JavaThread "DestroyJavaVM" [_thread_blocked, id=24236, stack(0x0000007660400000,0x0000007660500000)]
  0x000001b2aaa627c0 JavaThread "C2 CompilerThread1" daemon [_thread_blocked, id=21180, stack(0x0000007662f00000,0x0000007663000000)]

Other Threads:
  0x000001b2a7117370 VMThread "VM Thread" [stack: 0x0000007660a00000,0x0000007660b00000] [id=19736]
  0x000001b2a7317210 WatcherThread [stack: 0x0000007661400000,0x0000007661500000] [id=19564]
  0x000001b28c6c5e90 GCTaskThread "GC Thread#0" [stack: 0x0000007660500000,0x0000007660600000] [id=22016]
  0x000001b2a77ff440 GCTaskThread "GC Thread#1" [stack: 0x0000007661700000,0x0000007661800000] [id=22416]
  0x000001b2a7802410 GCTaskThread "GC Thread#2" [stack: 0x0000007661800000,0x0000007661900000] [id=21732]
  0x000001b2a7800100 GCTaskThread "GC Thread#3" [stack: 0x0000007661b00000,0x0000007661c00000] [id=25948]
  0x000001b2a4277f00 ConcurrentGCThread "G1 Main Marker" [stack: 0x0000007660600000,0x0000007660700000] [id=24876]
  0x000001b2a42791a0 ConcurrentGCThread "G1 Conc#0" [stack: 0x0000007660700000,0x0000007660800000] [id=24064]
  0x000001b2a42f3960 ConcurrentGCThread "G1 Refine#0" [stack: 0x0000007660800000,0x0000007660900000] [id=21688]
  0x000001b2a82ad240 ConcurrentGCThread "G1 Refine#1" [stack: 0x0000007661900000,0x0000007661a00000] [id=1656]
  0x000001b2a42f4170 ConcurrentGCThread "G1 Young RemSet Sampling" [stack: 0x0000007660900000,0x0000007660a00000] [id=16048]

Threads with active compile tasks:
C2 CompilerThread0    49342 5545       4       jdk.internal.org.objectweb.asm.Frame::execute (2305 bytes)

VM state: not at safepoint (normal execution)

VM Mutex/Monitor currently owned by a thread: None

Heap address: 0x0000000081a00000, size: 2022 MB, Compressed Oops mode: 32-bit
CDS disabled.
Compressed class space mapped at: 0x0000000100000000-0x0000000140000000, size: 1073741824
Narrow klass base: 0x0000000000000000, Narrow klass shift: 3, Narrow klass range: 0x140000000

GC Precious Log:
 CPUs: 4 total, 4 available
 Memory: 8083M
 Large Page Support: Disabled
 NUMA Support: Disabled
 Compressed Oops: Enabled (32-bit)
 Heap Region Size: 1M
 Heap Min Capacity: 8M
 Heap Initial Capacity: 128M
 Heap Max Capacity: 2022M
 Pre-touch: Disabled
 Parallel Workers: 4
 Concurrent Workers: 1
 Concurrent Refinement Workers: 4
 Periodic GC: Disabled

Heap:
 garbage-first heap   total 84992K, used 37354K [0x0000000081a00000, 0x0000000100000000)
  region size 1024K, 9 young (9216K), 3 survivors (3072K)
 Metaspace       used 74826K, capacity 75298K, committed 75648K, reserved 1116160K
  class space    used 9309K, capacity 9495K, committed 9600K, reserved 1048576K

Heap Regions: E=young(eden), S=young(survivor), O=old, HS=humongous(starts), HC=humongous(continues), CS=collection set, F=free, OA=open archive, CA=closed archive, TAMS=top-at-mark-start (previous, next)
|   0|0x0000000081a00000, 0x0000000081b00000, 0x0000000081b00000|100%|HS|  |TAMS 0x0000000081b00000, 0x0000000081a00000| Complete 
|   1|0x0000000081b00000, 0x0000000081c00000, 0x0000000081c00000|100%| O|  |TAMS 0x0000000081c00000, 0x0000000081b00000| Untracked 
|   2|0x0000000081c00000, 0x0000000081d00000, 0x0000000081d00000|100%| O|  |TAMS 0x0000000081d00000, 0x0000000081c00000| Untracked 
|   3|0x0000000081d00000, 0x0000000081e00000, 0x0000000081e00000|100%| O|  |TAMS 0x0000000081e00000, 0x0000000081d00000| Untracked 
|   4|0x0000000081e00000, 0x0000000081f00000, 0x0000000081f00000|100%| O|  |TAMS 0x0000000081f00000, 0x0000000081e00000| Untracked 
|   5|0x0000000081f00000, 0x0000000082000000, 0x0000000082000000|100%| O|  |TAMS 0x0000000082000000, 0x0000000081f00000| Untracked 
|   6|0x0000000082000000, 0x000000008203a600, 0x0000000082100000| 22%| O|  |TAMS 0x000000008203a600, 0x0000000082000000| Untracked 
|   7|0x0000000082100000, 0x0000000082200000, 0x0000000082200000|100%| O|  |TAMS 0x0000000082200000, 0x0000000082100000| Untracked 
|   8|0x0000000082200000, 0x0000000082300000, 0x0000000082300000|100%| O|  |TAMS 0x0000000082300000, 0x0000000082200000| Untracked 
|   9|0x0000000082300000, 0x0000000082400000, 0x0000000082400000|100%| O|  |TAMS 0x0000000082400000, 0x0000000082300000| Untracked 
|  10|0x0000000082400000, 0x0000000082500000, 0x0000000082500000|100%| O|  |TAMS 0x0000000082500000, 0x0000000082400000| Untracked 
|  11|0x0000000082500000, 0x0000000082598400, 0x0000000082600000| 59%| O|  |TAMS 0x0000000082598400, 0x0000000082500000| Untracked 
|  12|0x0000000082600000, 0x0000000082700000, 0x0000000082700000|100%| O|  |TAMS 0x0000000082700000, 0x0000000082600000| Untracked 
|  13|0x0000000082700000, 0x0000000082800000, 0x0000000082800000|100%| O|  |TAMS 0x0000000082800000, 0x0000000082700000| Untracked 
|  14|0x0000000082800000, 0x0000000082900000, 0x0000000082900000|100%| O|  |TAMS 0x0000000082900000, 0x0000000082800000| Untracked 
|  15|0x0000000082900000, 0x0000000082a00000, 0x0000000082a00000|100%| O|  |TAMS 0x0000000082a00000, 0x0000000082900000| Untracked 
|  16|0x0000000082a00000, 0x0000000082b00000, 0x0000000082b00000|100%| O|  |TAMS 0x0000000082b00000, 0x0000000082a00000| Untracked 
|  17|0x0000000082b00000, 0x0000000082c00000, 0x0000000082c00000|100%| O|  |TAMS 0x0000000082c00000, 0x0000000082b00000| Untracked 
|  18|0x0000000082c00000, 0x0000000082d00000, 0x0000000082d00000|100%| O|  |TAMS 0x0000000082d00000, 0x0000000082c00000| Untracked 
|  19|0x0000000082d00000, 0x0000000082e00000, 0x0000000082e00000|100%| O|  |TAMS 0x0000000082d62e00, 0x0000000082d00000| Untracked 
|  20|0x0000000082e00000, 0x0000000082f00000, 0x0000000082f00000|100%| O|  |TAMS 0x0000000082e00000, 0x0000000082e00000| Untracked 
|  21|0x0000000082f00000, 0x0000000083000000, 0x0000000083000000|100%| O|  |TAMS 0x0000000082f00000, 0x0000000082f00000| Untracked 
|  22|0x0000000083000000, 0x0000000083100000, 0x0000000083100000|100%| O|  |TAMS 0x0000000083000000, 0x0000000083000000| Untracked 
|  23|0x0000000083100000, 0x0000000083200000, 0x0000000083200000|100%| O|  |TAMS 0x0000000083100000, 0x0000000083100000| Untracked 
|  24|0x0000000083200000, 0x0000000083300000, 0x0000000083300000|100%| O|  |TAMS 0x0000000083200000, 0x0000000083200000| Untracked 
|  25|0x0000000083300000, 0x0000000083400000, 0x0000000083400000|100%| O|  |TAMS 0x0000000083300000, 0x0000000083300000| Untracked 
|  26|0x0000000083400000, 0x0000000083500000, 0x0000000083500000|100%| O|  |TAMS 0x0000000083400000, 0x0000000083400000| Untracked 
|  27|0x0000000083500000, 0x0000000083600000, 0x0000000083600000|100%| O|  |TAMS 0x0000000083500000, 0x0000000083500000| Untracked 
|  28|0x0000000083600000, 0x0000000083700000, 0x0000000083700000|100%| O|  |TAMS 0x0000000083600000, 0x0000000083600000| Untracked 
|  29|0x0000000083700000, 0x00000000837da000, 0x0000000083800000| 85%| O|  |TAMS 0x0000000083700000, 0x0000000083700000| Untracked 
|  30|0x0000000083800000, 0x0000000083800000, 0x0000000083900000|  0%| F|  |TAMS 0x0000000083800000, 0x0000000083800000| Untracked 
|  31|0x0000000083900000, 0x0000000083900000, 0x0000000083a00000|  0%| F|  |TAMS 0x0000000083900000, 0x0000000083900000| Untracked 
|  32|0x0000000083a00000, 0x0000000083a00000, 0x0000000083b00000|  0%| F|  |TAMS 0x0000000083a00000, 0x0000000083a00000| Untracked 
|  33|0x0000000083b00000, 0x0000000083b00000, 0x0000000083c00000|  0%| F|  |TAMS 0x0000000083b00000, 0x0000000083b00000| Untracked 
|  34|0x0000000083c00000, 0x0000000083c00000, 0x0000000083d00000|  0%| F|  |TAMS 0x0000000083c00000, 0x0000000083c00000| Untracked 
|  35|0x0000000083d00000, 0x0000000083d00000, 0x0000000083e00000|  0%| F|  |TAMS 0x0000000083d00000, 0x0000000083d00000| Untracked 
|  36|0x0000000083e00000, 0x0000000083e00000, 0x0000000083f00000|  0%| F|  |TAMS 0x0000000083e00000, 0x0000000083e00000| Untracked 
|  37|0x0000000083f00000, 0x0000000083f00000, 0x0000000084000000|  0%| F|  |TAMS 0x0000000083f00000, 0x0000000083f00000| Untracked 
|  38|0x0000000084000000, 0x00000000840ce0d0, 0x0000000084100000| 80%| S|CS|TAMS 0x0000000084000000, 0x0000000084000000| Complete 
|  39|0x0000000084100000, 0x0000000084100000, 0x0000000084200000|  0%| F|  |TAMS 0x0000000084100000, 0x0000000084100000| Untracked 
|  40|0x0000000084200000, 0x0000000084200000, 0x0000000084300000|  0%| F|  |TAMS 0x0000000084200000, 0x0000000084200000| Untracked 
|  41|0x0000000084300000, 0x0000000084300000, 0x0000000084400000|  0%| F|  |TAMS 0x0000000084300000, 0x0000000084300000| Untracked 
|  42|0x0000000084400000, 0x0000000084500000, 0x0000000084500000|100%| S|CS|TAMS 0x0000000084400000, 0x0000000084400000| Complete 
|  43|0x0000000084500000, 0x0000000084600000, 0x0000000084600000|100%| S|CS|TAMS 0x0000000084500000, 0x0000000084500000| Complete 
|  44|0x0000000084600000, 0x0000000084600000, 0x0000000084700000|  0%| F|  |TAMS 0x0000000084600000, 0x0000000084600000| Untracked 
|  45|0x0000000084700000, 0x0000000084700000, 0x0000000084800000|  0%| F|  |TAMS 0x0000000084700000, 0x0000000084700000| Untracked 
|  46|0x0000000084800000, 0x0000000084800000, 0x0000000084900000|  0%| F|  |TAMS 0x0000000084800000, 0x0000000084800000| Untracked 
|  47|0x0000000084900000, 0x0000000084900000, 0x0000000084a00000|  0%| F|  |TAMS 0x0000000084900000, 0x0000000084900000| Untracked 
|  48|0x0000000084a00000, 0x0000000084a00000, 0x0000000084b00000|  0%| F|  |TAMS 0x0000000084a00000, 0x0000000084a00000| Untracked 
|  49|0x0000000084b00000, 0x0000000084b00000, 0x0000000084c00000|  0%| F|  |TAMS 0x0000000084b00000, 0x0000000084b00000| Untracked 
|  50|0x0000000084c00000, 0x0000000084c00000, 0x0000000084d00000|  0%| F|  |TAMS 0x0000000084c00000, 0x0000000084c00000| Untracked 
|  51|0x0000000084d00000, 0x0000000084d00000, 0x0000000084e00000|  0%| F|  |TAMS 0x0000000084d00000, 0x0000000084d00000| Untracked 
|  52|0x0000000084e00000, 0x0000000084e00000, 0x0000000084f00000|  0%| F|  |TAMS 0x0000000084e00000, 0x0000000084e00000| Untracked 
|  53|0x0000000084f00000, 0x0000000084f00000, 0x0000000085000000|  0%| F|  |TAMS 0x0000000084f00000, 0x0000000084f00000| Untracked 
|  54|0x0000000085000000, 0x0000000085000000, 0x0000000085100000|  0%| F|  |TAMS 0x0000000085000000, 0x0000000085000000| Untracked 
|  55|0x0000000085100000, 0x0000000085100000, 0x0000000085200000|  0%| F|  |TAMS 0x0000000085100000, 0x0000000085100000| Untracked 
|  56|0x0000000085200000, 0x0000000085200000, 0x0000000085300000|  0%| F|  |TAMS 0x0000000085200000, 0x0000000085200000| Untracked 
|  57|0x0000000085300000, 0x0000000085300000, 0x0000000085400000|  0%| F|  |TAMS 0x0000000085300000, 0x0000000085300000| Untracked 
|  58|0x0000000085400000, 0x0000000085400000, 0x0000000085500000|  0%| F|  |TAMS 0x0000000085400000, 0x0000000085400000| Untracked 
|  59|0x0000000085500000, 0x0000000085500000, 0x0000000085600000|  0%| F|  |TAMS 0x0000000085500000, 0x0000000085500000| Untracked 
|  60|0x0000000085600000, 0x0000000085600000, 0x0000000085700000|  0%| F|  |TAMS 0x0000000085600000, 0x0000000085600000| Untracked 
|  61|0x0000000085700000, 0x0000000085700000, 0x0000000085800000|  0%| F|  |TAMS 0x0000000085700000, 0x0000000085700000| Untracked 
|  62|0x0000000085800000, 0x0000000085800000, 0x0000000085900000|  0%| F|  |TAMS 0x0000000085800000, 0x0000000085800000| Untracked 
|  63|0x0000000085900000, 0x0000000085900000, 0x0000000085a00000|  0%| F|  |TAMS 0x0000000085900000, 0x0000000085900000| Untracked 
|  64|0x0000000085a00000, 0x0000000085a00000, 0x0000000085b00000|  0%| F|  |TAMS 0x0000000085a00000, 0x0000000085a00000| Untracked 
|  65|0x0000000085b00000, 0x0000000085b00000, 0x0000000085c00000|  0%| F|  |TAMS 0x0000000085b00000, 0x0000000085b00000| Untracked 
|  66|0x0000000085c00000, 0x0000000085c00000, 0x0000000085d00000|  0%| F|  |TAMS 0x0000000085c00000, 0x0000000085c00000| Untracked 
|  67|0x0000000085d00000, 0x0000000085d00000, 0x0000000085e00000|  0%| F|  |TAMS 0x0000000085d00000, 0x0000000085d00000| Untracked 
|  68|0x0000000085e00000, 0x0000000085e00000, 0x0000000085f00000|  0%| F|  |TAMS 0x0000000085e00000, 0x0000000085e00000| Untracked 
|  69|0x0000000085f00000, 0x0000000085f00000, 0x0000000086000000|  0%| F|  |TAMS 0x0000000085f00000, 0x0000000085f00000| Untracked 
|  70|0x0000000086000000, 0x0000000086000000, 0x0000000086100000|  0%| F|  |TAMS 0x0000000086000000, 0x0000000086000000| Untracked 
|  71|0x0000000086100000, 0x0000000086100000, 0x0000000086200000|  0%| F|  |TAMS 0x0000000086100000, 0x0000000086100000| Untracked 
|  72|0x0000000086200000, 0x0000000086200000, 0x0000000086300000|  0%| F|  |TAMS 0x0000000086200000, 0x0000000086200000| Untracked 
|  73|0x0000000086300000, 0x0000000086300000, 0x0000000086400000|  0%| F|  |TAMS 0x0000000086300000, 0x0000000086300000| Untracked 
|  74|0x0000000086400000, 0x0000000086400000, 0x0000000086500000|  0%| F|  |TAMS 0x0000000086400000, 0x0000000086400000| Untracked 
|  75|0x0000000086500000, 0x0000000086500000, 0x0000000086600000|  0%| F|  |TAMS 0x0000000086500000, 0x0000000086500000| Untracked 
|  76|0x0000000086600000, 0x0000000086600000, 0x0000000086700000|  0%| F|  |TAMS 0x0000000086600000, 0x0000000086600000| Untracked 
|  77|0x0000000086700000, 0x00000000867371e8, 0x0000000086800000| 21%| E|  |TAMS 0x0000000086700000, 0x0000000086700000| Complete 
|  78|0x0000000086800000, 0x0000000086900000, 0x0000000086900000|100%| E|CS|TAMS 0x0000000086800000, 0x0000000086800000| Complete 
|  79|0x0000000086900000, 0x0000000086a00000, 0x0000000086a00000|100%| E|CS|TAMS 0x0000000086900000, 0x0000000086900000| Complete 
|  80|0x0000000086a00000, 0x0000000086b00000, 0x0000000086b00000|100%| E|CS|TAMS 0x0000000086a00000, 0x0000000086a00000| Complete 
|  81|0x0000000086b00000, 0x0000000086c00000, 0x0000000086c00000|100%| E|CS|TAMS 0x0000000086b00000, 0x0000000086b00000| Complete 
| 127|0x0000000089900000, 0x0000000089a00000, 0x0000000089a00000|100%| E|CS|TAMS 0x0000000089900000, 0x0000000089900000| Complete 

Card table byte_map: [0x000001b29fb30000,0x000001b29ff30000] _byte_map_base: 0x000001b29f723000

Marking Bits (Prev, Next): (CMBitMap*) 0x000001b28c6c66c0, (CMBitMap*) 0x000001b28c6c6680
 Prev Bits: [0x000001b2a22d0000, 0x000001b2a4268000)
 Next Bits: [0x000001b2a0330000, 0x000001b2a22c8000)

Polling page: 0x000001b28c6d0000

Metaspace:

Usage:
  Non-class:     64.26 MB capacity,    63.98 MB (>99%) used,   196.54 KB ( <1%) free+waste,    89.69 KB ( <1%) overhead. 
      Class:      9.27 MB capacity,     9.09 MB ( 98%) used,   153.59 KB (  2%) free+waste,    32.06 KB ( <1%) overhead. 
       Both:     73.53 MB capacity,    73.07 MB (>99%) used,   350.13 KB ( <1%) free+waste,   121.75 KB ( <1%) overhead. 

Virtual space:
  Non-class space:       66.00 MB reserved,      64.50 MB ( 98%) committed 
      Class space:        1.00 GB reserved,       9.38 MB ( <1%) committed 
             Both:        1.06 GB reserved,      73.88 MB (  7%) committed 

Chunk freelists:
   Non-Class:  53.00 KB
       Class:  9.00 KB
        Both:  62.00 KB

MaxMetaspaceSize: 17179869184.00 GB
CompressedClassSpaceSize: 1.00 GB

CodeHeap 'non-profiled nmethods': size=120000Kb used=2827Kb max_used=3152Kb free=117172Kb
 bounds [0x000001b297be0000, 0x000001b297f00000, 0x000001b29f110000]
CodeHeap 'profiled nmethods': size=120000Kb used=9258Kb max_used=10605Kb free=110741Kb
 bounds [0x000001b2906b0000, 0x000001b291110000, 0x000001b297be0000]
CodeHeap 'non-nmethods': size=5760Kb used=1353Kb max_used=1422Kb free=4407Kb
 bounds [0x000001b290110000, 0x000001b290380000, 0x000001b2906b0000]
 total_blobs=5497 nmethods=4840 adapters=569
 compilation: enabled
              stopped_count=0, restarted_count=0
 full_count=0

Compilation events (20 events):
Event: 48.667 Thread 0x000001b2a7139e70 nmethod 5617 0x000001b2909b3310 code [0x000001b2909b34e0, 0x000001b2909b3a58]
Event: 48.667 Thread 0x000001b2a7139e70 5619       3       org.springframework.core.convert.TypeDescriptor::annotationsMatch (66 bytes)
Event: 48.668 Thread 0x000001b2a7139e70 nmethod 5619 0x000001b29091e610 code [0x000001b29091e860, 0x000001b29091f5a8]
Event: 48.669 Thread 0x000001b2a7139e70 5621       3       org.thymeleaf.util.ProcessorComparators$ProcessorPrecedenceComparator::compare (13 bytes)
Event: 48.669 Thread 0x000001b2a7139e70 nmethod 5621 0x000001b2909b2d10 code [0x000001b2909b2ec0, 0x000001b2909b31e8]
Event: 48.669 Thread 0x000001b2a7139e70 5620       3       org.springframework.core.convert.support.GenericConversionService$ConverterCacheKey::equals (55 bytes)
Event: 48.669 Thread 0x000001b2a7139e70 nmethod 5620 0x000001b290a3cb90 code [0x000001b290a3cd60, 0x000001b290a3d2f8]
Event: 48.669 Thread 0x000001b2a7139e70 5623       3       org.springframework.expression.spel.standard.Tokenizer::isIdentifier (34 bytes)
Event: 48.669 Thread 0x000001b2a7139e70 nmethod 5623 0x000001b290a3c390 code [0x000001b290a3c560, 0x000001b290a3c9d8]
Event: 48.669 Thread 0x000001b2a7139e70 5622       1       org.thymeleaf.standard.expression.StandardExpressionExecutionContext::getPerformTypeConversion (5 bytes)
Event: 48.670 Thread 0x000001b2a7139e70 nmethod 5622 0x000001b297d8cd10 code [0x000001b297d8cea0, 0x000001b297d8cf58]
Event: 48.670 Thread 0x000001b2a7139e70 5624       1       org.apache.tomcat.util.buf.AbstractChunk::getOffset (5 bytes)
Event: 48.670 Thread 0x000001b2a7139e70 nmethod 5624 0x000001b297d8ca10 code [0x000001b297d8cba0, 0x000001b297d8cc58]
Event: 48.670 Thread 0x000001b2a7139e70 5625       1       org.apache.tomcat.util.buf.MessageBytes::getType (5 bytes)
Event: 48.670 Thread 0x000001b2a7139e70 nmethod 5625 0x000001b297d8c710 code [0x000001b297d8c8a0, 0x000001b297d8c958]
Event: 48.727 Thread 0x000001b2aaa627c0 nmethod 5594 0x000001b297e39d10 code [0x000001b297e39fa0, 0x000001b297e3bdc0]
Event: 48.727 Thread 0x000001b2aaa627c0 5618       4       java.lang.Class::copyMethods (36 bytes)
Event: 48.739 Thread 0x000001b2aaa627c0 nmethod 5618 0x000001b297d8bb10 code [0x000001b297d8bcc0, 0x000001b297d8c368]
Event: 48.740 Thread 0x000001b2aaa627c0 5550       4       ch.qos.logback.classic.Logger::callTurboFilters (14 bytes)
Event: 48.745 Thread 0x000001b2aaa627c0 nmethod 5550 0x000001b297e39310 code [0x000001b297e394e0, 0x000001b297e39868]

GC Heap History (20 events):
Event: 2.796 GC heap before
{Heap before GC invocations=9 (full 0):
 garbage-first heap   total 51200K, used 26322K [0x0000000081a00000, 0x0000000100000000)
  region size 1024K, 18 young (18432K), 4 survivors (4096K)
 Metaspace       used 35421K, capacity 35773K, committed 35840K, reserved 1081344K
  class space    used 4182K, capacity 4302K, committed 4352K, reserved 1048576K
}
Event: 2.803 GC heap after
{Heap after GC invocations=10 (full 0):
 garbage-first heap   total 61440K, used 14742K [0x0000000081a00000, 0x0000000100000000)
  region size 1024K, 4 young (4096K), 4 survivors (4096K)
 Metaspace       used 35421K, capacity 35773K, committed 35840K, reserved 1081344K
  class space    used 4182K, capacity 4302K, committed 4352K, reserved 1048576K
}
Event: 3.034 GC heap before
{Heap before GC invocations=11 (full 0):
 garbage-first heap   total 58368K, used 44438K [0x0000000081a00000, 0x0000000100000000)
  region size 1024K, 34 young (34816K), 4 survivors (4096K)
 Metaspace       used 37664K, capacity 38028K, committed 38144K, reserved 1083392K
  class space    used 4403K, capacity 4500K, committed 4608K, reserved 1048576K
}
Event: 3.041 GC heap after
{Heap after GC invocations=12 (full 0):
 garbage-first heap   total 58368K, used 16035K [0x0000000081a00000, 0x0000000100000000)
  region size 1024K, 3 young (3072K), 3 survivors (3072K)
 Metaspace       used 37664K, capacity 38028K, committed 38144K, reserved 1083392K
  class space    used 4403K, capacity 4500K, committed 4608K, reserved 1048576K
}
Event: 3.292 GC heap before
{Heap before GC invocations=12 (full 0):
 garbage-first heap   total 58368K, used 42659K [0x0000000081a00000, 0x0000000100000000)
  region size 1024K, 30 young (30720K), 3 survivors (3072K)
 Metaspace       used 39025K, capacity 39417K, committed 39552K, reserved 1083392K
  class space    used 4575K, capacity 4727K, committed 4736K, reserved 1048576K
}
Event: 3.296 GC heap after
{Heap after GC invocations=13 (full 0):
 garbage-first heap   total 58368K, used 16353K [0x0000000081a00000, 0x0000000100000000)
  region size 1024K, 2 young (2048K), 2 survivors (2048K)
 Metaspace       used 39025K, capacity 39417K, committed 39552K, reserved 1083392K
  class space    used 4575K, capacity 4727K, committed 4736K, reserved 1048576K
}
Event: 3.873 GC heap before
{Heap before GC invocations=13 (full 0):
 garbage-first heap   total 58368K, used 42977K [0x0000000081a00000, 0x0000000100000000)
  region size 1024K, 29 young (29696K), 2 survivors (2048K)
 Metaspace       used 46469K, capacity 46873K, committed 46976K, reserved 1091584K
  class space    used 5623K, capacity 5760K, committed 5760K, reserved 1048576K
}
Event: 3.877 GC heap after
{Heap after GC invocations=14 (full 0):
 garbage-first heap   total 58368K, used 18768K [0x0000000081a00000, 0x0000000100000000)
  region size 1024K, 4 young (4096K), 4 survivors (4096K)
 Metaspace       used 46469K, capacity 46873K, committed 46976K, reserved 1091584K
  class space    used 5623K, capacity 5760K, committed 5760K, reserved 1048576K
}
Event: 4.292 GC heap before
{Heap before GC invocations=14 (full 0):
 garbage-first heap   total 58368K, used 43344K [0x0000000081a00000, 0x0000000100000000)
  region size 1024K, 29 young (29696K), 4 survivors (4096K)
 Metaspace       used 52834K, capacity 53239K, committed 53504K, reserved 1095680K
  class space    used 6390K, capacity 6534K, committed 6656K, reserved 1048576K
}
Event: 4.298 GC heap after
{Heap after GC invocations=15 (full 0):
 garbage-first heap   total 70656K, used 21174K [0x0000000081a00000, 0x0000000100000000)
  region size 1024K, 3 young (3072K), 3 survivors (3072K)
 Metaspace       used 52834K, capacity 53239K, committed 53504K, reserved 1095680K
  class space    used 6390K, capacity 6534K, committed 6656K, reserved 1048576K
}
Event: 4.482 GC heap before
{Heap before GC invocations=15 (full 0):
 garbage-first heap   total 70656K, used 51894K [0x0000000081a00000, 0x0000000100000000)
  region size 1024K, 33 young (33792K), 3 survivors (3072K)
 Metaspace       used 54311K, capacity 54720K, committed 54912K, reserved 1097728K
  class space    used 6558K, capacity 6728K, committed 6784K, reserved 1048576K
}
Event: 4.485 GC heap after
{Heap after GC invocations=16 (full 0):
 garbage-first heap   total 70656K, used 23344K [0x0000000081a00000, 0x0000000100000000)
  region size 1024K, 5 young (5120K), 5 survivors (5120K)
 Metaspace       used 54311K, capacity 54720K, committed 54912K, reserved 1097728K
  class space    used 6558K, capacity 6728K, committed 6784K, reserved 1048576K
}
Event: 4.979 GC heap before
{Heap before GC invocations=16 (full 0):
 garbage-first heap   total 70656K, used 43824K [0x0000000081a00000, 0x0000000100000000)
  region size 1024K, 27 young (27648K), 5 survivors (5120K)
 Metaspace       used 59534K, capacity 60010K, committed 60160K, reserved 1101824K
  class space    used 7373K, capacity 7570K, committed 7680K, reserved 1048576K
}
Event: 4.982 GC heap after
{Heap after GC invocations=17 (full 0):
 garbage-first heap   total 70656K, used 24536K [0x0000000081a00000, 0x0000000100000000)
  region size 1024K, 4 young (4096K), 4 survivors (4096K)
 Metaspace       used 59534K, capacity 60010K, committed 60160K, reserved 1101824K
  class space    used 7373K, capacity 7570K, committed 7680K, reserved 1048576K
}
Event: 5.653 GC heap before
{Heap before GC invocations=18 (full 0):
 garbage-first heap   total 70656K, used 54232K [0x0000000081a00000, 0x0000000100000000)
  region size 1024K, 33 young (33792K), 4 survivors (4096K)
 Metaspace       used 64302K, capacity 64737K, committed 65024K, reserved 1105920K
  class space    used 8004K, capacity 8159K, committed 8192K, reserved 1048576K
}
Event: 5.658 GC heap after
{Heap after GC invocations=19 (full 0):
 garbage-first heap   total 70656K, used 27039K [0x0000000081a00000, 0x0000000100000000)
  region size 1024K, 4 young (4096K), 4 survivors (4096K)
 Metaspace       used 64302K, capacity 64737K, committed 65024K, reserved 1105920K
  class space    used 8004K, capacity 8159K, committed 8192K, reserved 1048576K
}
Event: 6.235 GC heap before
{Heap before GC invocations=19 (full 0):
 garbage-first heap   total 70656K, used 54687K [0x0000000081a00000, 0x0000000100000000)
  region size 1024K, 31 young (31744K), 4 survivors (4096K)
 Metaspace       used 68125K, capacity 68688K, committed 68992K, reserved 1110016K
  class space    used 8524K, capacity 8723K, committed 8832K, reserved 1048576K
}
Event: 6.242 GC heap after
{Heap after GC invocations=20 (full 0):
 garbage-first heap   total 70656K, used 29801K [0x0000000081a00000, 0x0000000100000000)
  region size 1024K, 3 young (3072K), 3 survivors (3072K)
 Metaspace       used 68125K, capacity 68688K, committed 68992K, reserved 1110016K
  class space    used 8524K, capacity 8723K, committed 8832K, reserved 1048576K
}
Event: 40.923 GC heap before
{Heap before GC invocations=20 (full 0):
 garbage-first heap   total 70656K, used 54377K [0x0000000081a00000, 0x0000000100000000)
  region size 1024K, 28 young (28672K), 3 survivors (3072K)
 Metaspace       used 73837K, capacity 74370K, committed 74496K, reserved 1114112K
  class space    used 9206K, capacity 9399K, committed 9472K, reserved 1048576K
}
Event: 40.937 GC heap after
{Heap after GC invocations=21 (full 0):
 garbage-first heap   total 84992K, used 32234K [0x0000000081a00000, 0x0000000100000000)
  region size 1024K, 3 young (3072K), 3 survivors (3072K)
 Metaspace       used 73837K, capacity 74370K, committed 74496K, reserved 1114112K
  class space    used 9206K, capacity 9399K, committed 9472K, reserved 1048576K
}

Deoptimization events (20 events):
Event: 48.577 Thread 0x000001b2ad3802e0 Uncommon trap: trap_request=0xffffffc6 fr.pc=0x000001b297cc4d58 relative=0x0000000000001778
Event: 48.577 Thread 0x000001b2ad3802e0 Uncommon trap: reason=bimorphic_or_optimized_type_check action=maybe_recompile pc=0x000001b297cc4d58 method=java.util.concurrent.ConcurrentHashMap.putVal(Ljava/lang/Object;Ljava/lang/Object;Z)Ljava/lang/Object; @ 242 c2
Event: 48.577 Thread 0x000001b2ad3802e0 DEOPT PACKING pc=0x000001b297cc4d58 sp=0x00000076627fbb70
Event: 48.577 Thread 0x000001b2ad3802e0 DEOPT UNPACKING pc=0x000001b29015e42f sp=0x00000076627fbae0 mode 2
Event: 48.620 Thread 0x000001b2ad3802e0 Uncommon trap: trap_request=0xffffff6e fr.pc=0x000001b297c93094 relative=0x0000000000000534
Event: 48.620 Thread 0x000001b2ad3802e0 Uncommon trap: reason=loop_limit_check action=maybe_recompile pc=0x000001b297c93094 method=org.attoparser.util.TextUtil.compareTo(Z[CII[CII)I @ 65 c2
Event: 48.620 Thread 0x000001b2ad3802e0 DEOPT PACKING pc=0x000001b297c93094 sp=0x00000076627fb190
Event: 48.620 Thread 0x000001b2ad3802e0 DEOPT UNPACKING pc=0x000001b29015e42f sp=0x00000076627fb140 mode 2
Event: 48.624 Thread 0x000001b2ad3802e0 Uncommon trap: trap_request=0xffffff45 fr.pc=0x000001b297d00758 relative=0x00000000000003f8
Event: 48.624 Thread 0x000001b2ad3802e0 Uncommon trap: reason=unstable_if action=reinterpret pc=0x000001b297d00758 method=org.thymeleaf.util.ProcessorComparators$ProcessorPrecedenceComparator.compare(Lorg/thymeleaf/processor/IProcessor;Lorg/thymeleaf/processor/IProcessor;)I @ 2 c2
Event: 48.624 Thread 0x000001b2ad3802e0 DEOPT PACKING pc=0x000001b297d00758 sp=0x00000076627fb720
Event: 48.624 Thread 0x000001b2ad3802e0 DEOPT UNPACKING pc=0x000001b29015e42f sp=0x00000076627fb630 mode 2
Event: 48.655 Thread 0x000001b2ad3802e0 Uncommon trap: trap_request=0xffffff45 fr.pc=0x000001b297cc2e98 relative=0x0000000000000438
Event: 48.655 Thread 0x000001b2ad3802e0 Uncommon trap: reason=unstable_if action=reinterpret pc=0x000001b297cc2e98 method=org.thymeleaf.util.ProcessorComparators$ProcessorPrecedenceComparator.compare(Lorg/thymeleaf/processor/IProcessor;Lorg/thymeleaf/processor/IProcessor;)I @ 2 c2
Event: 48.655 Thread 0x000001b2ad3802e0 DEOPT PACKING pc=0x000001b297cc2e98 sp=0x00000076627fb690
Event: 48.655 Thread 0x000001b2ad3802e0 DEOPT UNPACKING pc=0x000001b29015e42f sp=0x00000076627fb628 mode 2
Event: 48.662 Thread 0x000001b2ad3802e0 Uncommon trap: trap_request=0xffffff45 fr.pc=0x000001b297e53fd4 relative=0x0000000000000c74
Event: 48.662 Thread 0x000001b2ad3802e0 Uncommon trap: reason=unstable_if action=reinterpret pc=0x000001b297e53fd4 method=sun.reflect.annotation.AnnotationInvocationHandler.invoke(Ljava/lang/Object;Ljava/lang/reflect/Method;[Ljava/lang/Object;)Ljava/lang/Object; @ 15 c2
Event: 48.662 Thread 0x000001b2ad3802e0 DEOPT PACKING pc=0x000001b297e53fd4 sp=0x00000076627faee0
Event: 48.662 Thread 0x000001b2ad3802e0 DEOPT UNPACKING pc=0x000001b29015e42f sp=0x00000076627faeb0 mode 2

Classes unloaded (0 events):
No events

Classes redefined (0 events):
No events

Internal exceptions (20 events):
Event: 5.582 Thread 0x000001b28c684f80 Exception <a 'java/lang/ClassNotFoundException'{0x000000008400e6f0}: org/springframework/security/config/annotation/web/configuration/WebSecurityConfigurationCustomizer> (0x000000008400e6f0) 
thrown [./open/src/hotspot/share/classfile/systemDictionary.cpp, line 295]
Event: 5.583 Thread 0x000001b28c684f80 Exception <a 'java/lang/ClassNotFoundException'{0x000000008401c640}: org/springframework/context/annotation/ImportAwareCustomizer> (0x000000008401c640) 
thrown [./open/src/hotspot/share/classfile/systemDictionary.cpp, line 295]
Event: 5.584 Thread 0x000001b28c684f80 Exception <a 'java/lang/ClassNotFoundException'{0x00000000840204d0}: org/springframework/beans/factory/AwareCustomizer> (0x00000000840204d0) 
thrown [./open/src/hotspot/share/classfile/systemDictionary.cpp, line 295]
Event: 5.584 Thread 0x000001b28c684f80 Exception <a 'java/lang/ClassNotFoundException'{0x00000000840236c0}: org/springframework/beans/factory/BeanClassLoaderAwareCustomizer> (0x00000000840236c0) 
thrown [./open/src/hotspot/share/classfile/systemDictionary.cpp, line 295]
Event: 5.584 Thread 0x000001b28c684f80 Exception <a 'java/lang/ClassNotFoundException'{0x0000000084027560}: org/springframework/beans/factory/AwareCustomizer> (0x0000000084027560) 
thrown [./open/src/hotspot/share/classfile/systemDictionary.cpp, line 295]
Event: 5.651 Thread 0x000001b28c684f80 Implicit null exception at 0x000001b297cf03c6 to 0x000001b297cf047a
Event: 5.722 Thread 0x000001b28c684f80 Implicit null exception at 0x000001b297e6ce57 to 0x000001b297e6d0cc
Event: 5.767 Thread 0x000001b28c684f80 Exception <a 'java/lang/ClassNotFoundException'{0x0000000085936630}: java/lang/ObjectCustomizer> (0x0000000085936630) 
thrown [./open/src/hotspot/share/classfile/systemDictionary.cpp, line 295]
Event: 5.768 Thread 0x000001b28c684f80 Exception <a 'java/lang/ClassNotFoundException'{0x000000008593d308}: org/springframework/security/config/annotation/web/configuration/HttpSecurityConfigurationCustomizer> (0x000000008593d308) 
thrown [./open/src/hotspot/share/classfile/systemDictionary.cpp, line 295]
Event: 5.784 Thread 0x000001b28c684f80 Exception <a 'java/lang/NoSuchMethodError'{0x00000000859ca5d0}: 'java.lang.Object java.lang.invoke.DirectMethodHandle$Holder.invokeInterface(java.lang.Object, java.lang.Object, java.lang.Object, java.lang.Object)'> (0x00000000859ca5d0) 
thrown [./open/src/hotspot/share/interpreter/linkResolver.cpp, line 782]
Event: 5.922 Thread 0x000001b28c684f80 Exception <a 'java/lang/NoSuchMethodError'{0x0000000085296e80}: 'void java.lang.invoke.DirectMethodHandle$Holder.invokeVirtual(java.lang.Object, java.lang.Object, int)'> (0x0000000085296e80) 
thrown [./open/src/hotspot/share/interpreter/linkResolver.cpp, line 782]
Event: 5.924 Thread 0x000001b28c684f80 Exception <a 'java/lang/NoSuchMethodError'{0x00000000852b3100}: 'void java.lang.invoke.DirectMethodHandle$Holder.invokeVirtual(java.lang.Object, java.lang.Object, long)'> (0x00000000852b3100) 
thrown [./open/src/hotspot/share/interpreter/linkResolver.cpp, line 782]
Event: 6.050 Thread 0x000001b28c684f80 Exception <a 'java/lang/IncompatibleClassChangeError'{0x0000000084df90c8}: Found class java.lang.Object, but interface was expected> (0x0000000084df90c8) 
thrown [./open/src/hotspot/share/interpreter/linkResolver.cpp, line 848]
Event: 6.204 Thread 0x000001b28c684f80 Exception <a 'java/lang/NoSuchMethodError'{0x00000000845809b8}: 'java.lang.Object java.lang.invoke.DirectMethodHandle$Holder.invokeSpecial(java.lang.Object, java.lang.Object, int, java.lang.Object, int, java.lang.Object)'> (0x00000000845809b8) 
thrown [./open/src/hotspot/share/interpreter/linkResolver.cpp, line 782]
Event: 6.204 Thread 0x000001b28c684f80 Exception <a 'java/lang/NoSuchMethodError'{0x00000000845891a0}: 'java.lang.Object java.lang.invoke.DirectMethodHandle$Holder.newInvokeSpecial(java.lang.Object, java.lang.Object, int, java.lang.Object, int)'> (0x00000000845891a0) 
thrown [./open/src/hotspot/share/interpreter/linkResolver.cpp, line 782]
Event: 6.205 Thread 0x000001b28c684f80 Exception <a 'java/lang/NoSuchMethodError'{0x000000008458d3b0}: 'java.lang.Object java.lang.invoke.DirectMethodHandle$Holder.invokeSpecial(java.lang.Object, java.lang.Object, java.lang.Object, int, java.lang.Object, int)'> (0x000000008458d3b0) 
thrown [./open/src/hotspot/share/interpreter/linkResolver.cpp, line 782]
Event: 6.206 Thread 0x000001b28c684f80 Exception <a 'java/lang/NoSuchMethodError'{0x00000000845979d0}: 'void java.lang.invoke.DirectMethodHandle$Holder.invokeVirtual(java.lang.Object, java.lang.Object)'> (0x00000000845979d0) 
thrown [./open/src/hotspot/share/interpreter/linkResolver.cpp, line 782]
Event: 40.179 Thread 0x000001b2ad381150 Exception <a 'java/lang/NoSuchMethodError'{0x00000000850330a8}: 'java.lang.Object java.lang.invoke.DirectMethodHandle$Holder.invokeStaticInit(java.lang.Object, java.lang.Object, java.lang.Object, java.lang.Object, java.lang.Object, java.lang.Object)'> (0x00000000850330a8) 
thrown [./open/src/hotspot/share/interpreter/linkResolver.cpp, line 782]
Event: 48.631 Thread 0x000001b2ad3802e0 Exception <a 'java/lang/ClassNotFoundException'{0x000000008684bca0}: java/lang/ObjectCustomizer> (0x000000008684bca0) 
thrown [./open/src/hotspot/share/classfile/systemDictionary.cpp, line 295]
Event: 48.636 Thread 0x000001b2ad3802e0 Exception <a 'java/lang/ClassNotFoundException'{0x0000000086855840}: com/example/springsecurityjdbc/UserCustomizer> (0x0000000086855840) 
thrown [./open/src/hotspot/share/classfile/systemDictionary.cpp, line 295]

Events (20 events):
Event: 40.616 loading class java/util/concurrent/locks/ReentrantReadWriteLock$FairSync
Event: 40.616 loading class java/util/concurrent/locks/ReentrantReadWriteLock$FairSync done
Event: 40.740 loading class java/util/EnumMap$EntryIterator$Entry
Event: 40.740 loading class java/util/EnumMap$EntryIterator$Entry done
Event: 40.923 Executing VM operation: G1CollectForAllocation
Event: 40.937 Executing VM operation: G1CollectForAllocation done
Event: 40.937 Executing VM operation: HandshakeAllThreads
Event: 40.937 Executing VM operation: HandshakeAllThreads done
Event: 41.937 Executing VM operation: HandshakeAllThreads
Event: 41.938 Executing VM operation: HandshakeAllThreads done
Event: 45.258 Thread 0x000001b2aaa627c0 Thread exited: 0x000001b2aaa627c0
Event: 48.616 Thread 0x000001b2aaa627c0 Thread added: 0x000001b2aaa627c0
Event: 48.629 loading class java/lang/ObjectCustomizer
Event: 48.629 loading class java/lang/ObjectCustomizer done
Event: 48.631 loading class java/lang/ObjectCustomizer
Event: 48.631 loading class java/lang/ObjectCustomizer done
Event: 48.638 loading class java/lang/StringEditor
Event: 48.638 loading class java/lang/StringEditor done
Event: 48.662 loading class sun/reflect/annotation/AnnotationInvocationHandler$1
Event: 48.662 loading class sun/reflect/annotation/AnnotationInvocationHandler$1 done


Dynamic libraries:
0x00007ff6db6d0000 - 0x00007ff6db6dd000 	C:\Users\sandeeps36\.p2\pool\plugins\org.eclipse.justj.openjdk.hotspot.jre.full.win32.x86_64_15.0.1.v20201027-0507\jre\bin\javaw.exe
0x00007ffac30e0000 - 0x00007ffac32d0000 	C:\WINDOWS\SYSTEM32\ntdll.dll
0x00007ffac14f0000 - 0x00007ffac15a2000 	C:\WINDOWS\System32\KERNEL32.DLL
0x00007ffac0160000 - 0x00007ffac0405000 	C:\WINDOWS\System32\KERNELBASE.dll
0x00007ffac0060000 - 0x00007ffac015a000 	C:\WINDOWS\System32\ucrtbase.dll
0x00007ffaba620000 - 0x00007ffaba639000 	C:\Users\sandeeps36\.p2\pool\plugins\org.eclipse.justj.openjdk.hotspot.jre.full.win32.x86_64_15.0.1.v20201027-0507\jre\bin\VCRUNTIME140.dll
0x00007ffab8ca0000 - 0x00007ffab8cb8000 	C:\Users\sandeeps36\.p2\pool\plugins\org.eclipse.justj.openjdk.hotspot.jre.full.win32.x86_64_15.0.1.v20201027-0507\jre\bin\jli.dll
0x00007ffac2210000 - 0x00007ffac23a4000 	C:\WINDOWS\System32\USER32.dll
0x00007ffabeb80000 - 0x00007ffabee04000 	C:\WINDOWS\WinSxS\amd64_microsoft.windows.common-controls_6595b64144ccf1df_6.0.18362.1379_none_9e7ff3b3e45cc0c4\COMCTL32.dll
0x00007ffac06a0000 - 0x00007ffac06c1000 	C:\WINDOWS\System32\win32u.dll
0x00007ffac1450000 - 0x00007ffac14ee000 	C:\WINDOWS\System32\msvcrt.dll
0x00007ffac1e50000 - 0x00007ffac1e76000 	C:\WINDOWS\System32\GDI32.dll
0x00007ffac06f0000 - 0x00007ffac0888000 	C:\WINDOWS\System32\gdi32full.dll
0x00007ffac28f0000 - 0x00007ffac2c27000 	C:\WINDOWS\System32\combase.dll
0x00007ffac0600000 - 0x00007ffac069e000 	C:\WINDOWS\System32\msvcp_win.dll
0x00007ffac15b0000 - 0x00007ffac16cf000 	C:\WINDOWS\System32\RPCRT4.dll
0x00007ffac0570000 - 0x00007ffac05f1000 	C:\WINDOWS\System32\bcryptPrimitives.dll
0x00007ffac1f90000 - 0x00007ffac1fbe000 	C:\WINDOWS\System32\IMM32.DLL
0x0000000068000000 - 0x000000006806f000 	C:\WINDOWS\System32\QIPCAP64.dll
0x00007ffac2090000 - 0x00007ffac2133000 	C:\WINDOWS\System32\ADVAPI32.dll
0x00007ffac1e80000 - 0x00007ffac1f17000 	C:\WINDOWS\System32\sechost.dll
0x00007ffac1760000 - 0x00007ffac1e48000 	C:\WINDOWS\System32\SHELL32.dll
0x00007ffac0520000 - 0x00007ffac056a000 	C:\WINDOWS\System32\cfgmgr32.dll
0x00007ffac11b0000 - 0x00007ffac1257000 	C:\WINDOWS\System32\shcore.dll
0x00007ffac0a10000 - 0x00007ffac118b000 	C:\WINDOWS\System32\windows.storage.dll
0x00007ffabffe0000 - 0x00007ffac0003000 	C:\WINDOWS\System32\profapi.dll
0x00007ffac0010000 - 0x00007ffac005a000 	C:\WINDOWS\System32\powrprof.dll
0x00007ffabff90000 - 0x00007ffabffa0000 	C:\WINDOWS\System32\UMPDC.dll
0x00007ffac2510000 - 0x00007ffac2562000 	C:\WINDOWS\System32\shlwapi.dll
0x00007ffabffc0000 - 0x00007ffabffd1000 	C:\WINDOWS\System32\kernel.appcore.dll
0x00007ffac06d0000 - 0x00007ffac06e7000 	C:\WINDOWS\System32\cryptsp.dll
0x00007ffabf4d0000 - 0x00007ffabf59b000 	C:\WINDOWS\SYSTEM32\DNSAPI.dll
0x00007ffac23b0000 - 0x00007ffac241f000 	C:\WINDOWS\System32\WS2_32.dll
0x00007ffac1f80000 - 0x00007ffac1f88000 	C:\WINDOWS\System32\NSI.dll
0x00007ffabf480000 - 0x00007ffabf4ba000 	C:\WINDOWS\SYSTEM32\IPHLPAPI.DLL
0x00007ffab59a0000 - 0x00007ffab5a4d000 	C:\Program Files\McAfee\Host Intrusion Prevention\HcApi.dll
0x00007ffac0410000 - 0x00007ffac046c000 	C:\WINDOWS\System32\WINTRUST.dll
0x000001b28ada0000 - 0x000001b28adb2000 	C:\WINDOWS\System32\MSASN1.dll
0x00007ffac08c0000 - 0x00007ffac0a0a000 	C:\WINDOWS\System32\CRYPT32.dll
0x0000000061ed0000 - 0x0000000061edc000 	C:\Program Files\McAfee\Host Intrusion Prevention\HcThe.dll
0x00007ffaba690000 - 0x00007ffaba69c000 	C:\Users\sandeeps36\.p2\pool\plugins\org.eclipse.justj.openjdk.hotspot.jre.full.win32.x86_64_15.0.1.v20201027-0507\jre\bin\vcruntime140_1.dll
0x00007ffa93160000 - 0x00007ffa931f1000 	C:\Users\sandeeps36\.p2\pool\plugins\org.eclipse.justj.openjdk.hotspot.jre.full.win32.x86_64_15.0.1.v20201027-0507\jre\bin\msvcp140.dll
0x00007ffa58710000 - 0x00007ffa5926e000 	C:\Users\sandeeps36\.p2\pool\plugins\org.eclipse.justj.openjdk.hotspot.jre.full.win32.x86_64_15.0.1.v20201027-0507\jre\bin\server\jvm.dll
0x00007ffac2780000 - 0x00007ffac2788000 	C:\WINDOWS\System32\PSAPI.DLL
0x00007ffaba5d0000 - 0x00007ffaba5f4000 	C:\WINDOWS\SYSTEM32\WINMM.dll
0x00007ffaa6940000 - 0x00007ffaa6949000 	C:\WINDOWS\SYSTEM32\WSOCK32.dll
0x00007ffab4f90000 - 0x00007ffab4f9a000 	C:\WINDOWS\SYSTEM32\VERSION.dll
0x00007ffaba5a0000 - 0x00007ffaba5cd000 	C:\WINDOWS\SYSTEM32\winmmbase.dll
0x00007ffab8c70000 - 0x00007ffab8c7a000 	C:\Users\sandeeps36\.p2\pool\plugins\org.eclipse.justj.openjdk.hotspot.jre.full.win32.x86_64_15.0.1.v20201027-0507\jre\bin\jimage.dll
0x00007ffabe440000 - 0x00007ffabe634000 	C:\WINDOWS\SYSTEM32\DBGHELP.DLL
0x00007ffaad0b0000 - 0x00007ffaad0da000 	C:\WINDOWS\SYSTEM32\dbgcore.DLL
0x00007ffab8ac0000 - 0x00007ffab8ae5000 	C:\Users\sandeeps36\.p2\pool\plugins\org.eclipse.justj.openjdk.hotspot.jre.full.win32.x86_64_15.0.1.v20201027-0507\jre\bin\java.dll
0x00007ffab5570000 - 0x00007ffab5588000 	C:\Users\sandeeps36\.p2\pool\plugins\org.eclipse.justj.openjdk.hotspot.jre.full.win32.x86_64_15.0.1.v20201027-0507\jre\bin\zip.dll
0x00007ffab5370000 - 0x00007ffab5389000 	C:\Users\sandeeps36\.p2\pool\plugins\org.eclipse.justj.openjdk.hotspot.jre.full.win32.x86_64_15.0.1.v20201027-0507\jre\bin\net.dll
0x00007ffab68e0000 - 0x00007ffab69d0000 	C:\WINDOWS\SYSTEM32\WINHTTP.dll
0x00007ffabf770000 - 0x00007ffabf7d7000 	C:\WINDOWS\system32\mswsock.dll
0x00007ffaa9260000 - 0x00007ffaa9272000 	C:\Users\sandeeps36\.p2\pool\plugins\org.eclipse.justj.openjdk.hotspot.jre.full.win32.x86_64_15.0.1.v20201027-0507\jre\bin\nio.dll
0x00007ffab8c60000 - 0x00007ffab8c70000 	C:\Users\sandeeps36\.p2\pool\plugins\org.eclipse.justj.openjdk.hotspot.jre.full.win32.x86_64_15.0.1.v20201027-0507\jre\bin\verify.dll
0x00007ffab5950000 - 0x00007ffab5959000 	C:\Users\sandeeps36\.p2\pool\plugins\org.eclipse.justj.openjdk.hotspot.jre.full.win32.x86_64_15.0.1.v20201027-0507\jre\bin\management.dll
0x00007ffab5330000 - 0x00007ffab533b000 	C:\Users\sandeeps36\.p2\pool\plugins\org.eclipse.justj.openjdk.hotspot.jre.full.win32.x86_64_15.0.1.v20201027-0507\jre\bin\management_ext.dll
0x00007ffaa3620000 - 0x00007ffaa3636000 	C:\WINDOWS\system32\napinsp.dll
0x00007ffaa3600000 - 0x00007ffaa361a000 	C:\WINDOWS\system32\pnrpnsp.dll
0x00007ffaa35c0000 - 0x00007ffaa35ce000 	C:\WINDOWS\System32\winrnr.dll
0x00007ffab52d0000 - 0x00007ffab52ec000 	C:\WINDOWS\system32\NLAapi.dll
0x00007ffaa35a0000 - 0x00007ffaa35b5000 	C:\WINDOWS\system32\wshbth.dll
0x00007ffaace10000 - 0x00007ffaace1a000 	C:\Windows\System32\rasadhlp.dll
0x00007ffaba860000 - 0x00007ffaba8d7000 	C:\WINDOWS\System32\fwpuclnt.dll
0x000001b28c770000 - 0x000001b28c796000 	C:\WINDOWS\System32\bcrypt.dll
0x00007ffabf080000 - 0x00007ffabf0b3000 	C:\WINDOWS\system32\rsaenh.dll
0x00007ffabfeb0000 - 0x00007ffabfed5000 	C:\WINDOWS\SYSTEM32\USERENV.dll
0x00007ffabf940000 - 0x00007ffabf94c000 	C:\WINDOWS\SYSTEM32\CRYPTBASE.dll
0x00007ffabe370000 - 0x00007ffabe386000 	C:\WINDOWS\SYSTEM32\dhcpcsvc6.DLL
0x00007ffabe350000 - 0x00007ffabe36c000 	C:\WINDOWS\SYSTEM32\dhcpcsvc.DLL
0x00007ffab89d0000 - 0x00007ffab89dd000 	C:\Users\sandeeps36\.p2\pool\plugins\org.eclipse.justj.openjdk.hotspot.jre.full.win32.x86_64_15.0.1.v20201027-0507\jre\bin\sunmscapi.dll
0x00007ffabfa40000 - 0x00007ffabfa66000 	C:\WINDOWS\SYSTEM32\ncrypt.dll
0x00007ffabfa00000 - 0x00007ffabfa3b000 	C:\WINDOWS\SYSTEM32\NTASN1.dll

dbghelp: loaded successfully - version: 4.0.5 - missing functions: none
symbol engine: initialized successfully - sym options: 0x614 - pdb path: .;C:\Users\sandeeps36\.p2\pool\plugins\org.eclipse.justj.openjdk.hotspot.jre.full.win32.x86_64_15.0.1.v20201027-0507\jre\bin;C:\WINDOWS\SYSTEM32;C:\WINDOWS\WinSxS\amd64_microsoft.windows.common-controls_6595b64144ccf1df_6.0.18362.1379_none_9e7ff3b3e45cc0c4;C:\Program Files\McAfee\Host Intrusion Prevention;C:\Users\sandeeps36\.p2\pool\plugins\org.eclipse.justj.openjdk.hotspot.jre.full.win32.x86_64_15.0.1.v20201027-0507\jre\bin\server

VM Arguments:
jvm_args: -Dfile.encoding=UTF-8 -XX:+ShowCodeDetailsInExceptionMessages 
java_command: com.example.springsecurityjdbc.SpringSecurityJdbcApplication
java_class_path (initial): C:\Users\sandeeps36\Downloads\spring-security-jdbc\spring-security-jdbc\target\classes;C:\Users\sandeeps36\.m2\repository\org\springframework\boot\spring-boot-starter-data-jpa\2.4.3\spring-boot-starter-data-jpa-2.4.3.jar;C:\Users\sandeeps36\.m2\repository\org\springframework\boot\spring-boot-starter-aop\2.4.3\spring-boot-starter-aop-2.4.3.jar;C:\Users\sandeeps36\.m2\repository\org\aspectj\aspectjweaver\1.9.6\aspectjweaver-1.9.6.jar;C:\Users\sandeeps36\.m2\repository\jakarta\transaction\jakarta.transaction-api\1.3.3\jakarta.transaction-api-1.3.3.jar;C:\Users\sandeeps36\.m2\repository\jakarta\persistence\jakarta.persistence-api\2.2.3\jakarta.persistence-api-2.2.3.jar;C:\Users\sandeeps36\.m2\repository\org\hibernate\hibernate-core\5.4.28.Final\hibernate-core-5.4.28.Final.jar;C:\Users\sandeeps36\.m2\repository\org\jboss\logging\jboss-logging\3.4.1.Final\jboss-logging-3.4.1.Final.jar;C:\Users\sandeeps36\.m2\repository\org\javassist\javassist\3.27.0-GA\javassist-3.27.0-GA.jar;C:\Users\sandeeps36\.m2\repository\net\bytebuddy\byte-buddy\1.10.20\byte-buddy-1.10.20.jar;C:\Users\sandeeps36\.m2\repository\antlr\antlr\2.7.7\antlr-2.7.7.jar;C:\Users\sandeeps36\.m2\repository\org\jboss\jandex\2.2.3.Final\jandex-2.2.3.Final.jar;C:\Users\sandeeps36\.m2\repository\com\fasterxml\classmate\1.5.1\classmate-1.5.1.jar;C:\Users\sandeeps36\.m2\repository\org\dom4j\dom4j\2.1.3\dom4j-2.1.3.jar;C:\Users\sandeeps36\.m2\repository\org\hibernate\common\hibernate-commons-annotations\5.1.2.Final\hibernate-commons-annotations-5.1.2.Final.jar;C:\Users\sandeeps36\.m2\repository\org\glassfish\jaxb\jaxb-runtime\2.3.3\jaxb-runtime-2.3.3.jar;C:\Users\sandeeps36\.m2\repository\org\glassfish\jaxb\txw2\2.3.3\txw2-2.3.3.jar;C:\Users\sandeeps36\.m2\repository\com\sun\istack\istack-commons-runtime\3.0.11\istack-commons-runtime-3.0.11.jar;C:\Users\sandeeps36\.m2\repository\com\sun\activation\jakarta.activation\1.2.2\jakarta.activation-1.2.2.jar;C:\Users\sandeeps36\.m2\repository\org\
Launcher Type: SUN_STANDARD

[Global flags]
     intx CICompilerCount                          = 3                                         {product} {ergonomic}
     uint ConcGCThreads                            = 1                                         {product} {ergonomic}
     uint G1ConcRefinementThreads                  = 4                                         {product} {ergonomic}
   size_t G1HeapRegionSize                         = 1048576                                   {product} {ergonomic}
    uintx GCDrainStackTargetSize                   = 64                                        {product} {ergonomic}
   size_t InitialHeapSize                          = 134217728                                 {product} {ergonomic}
   size_t MarkStackSize                            = 4194304                                   {product} {ergonomic}
   size_t MaxHeapSize                              = 2120220672                                {product} {ergonomic}
   size_t MaxNewSize                               = 1271922688                                {product} {ergonomic}
   size_t MinHeapDeltaBytes                        = 1048576                                   {product} {ergonomic}
   size_t MinHeapSize                              = 8388608                                   {product} {ergonomic}
    uintx NonNMethodCodeHeapSize                   = 5832780                                {pd product} {ergonomic}
    uintx NonProfiledCodeHeapSize                  = 122912730                              {pd product} {ergonomic}
    uintx ProfiledCodeHeapSize                     = 122912730                              {pd product} {ergonomic}
    uintx ReservedCodeCacheSize                    = 251658240                              {pd product} {ergonomic}
     bool SegmentedCodeCache                       = true                                      {product} {ergonomic}
     bool ShowCodeDetailsInExceptionMessages       = true                                   {manageable} {command line}
   size_t SoftMaxHeapSize                          = 2120220672                             {manageable} {ergonomic}
     bool UseCompressedClassPointers               = true                                 {lp64_product} {ergonomic}
     bool UseCompressedOops                        = true                                 {lp64_product} {ergonomic}
     bool UseG1GC                                  = true                                      {product} {ergonomic}
     bool UseLargePagesIndividualAllocation        = false                                  {pd product} {ergonomic}

Logging:
Log output configuration:
 #0: stdout all=warning uptime,level,tags
 #1: stderr all=off uptime,level,tags

Environment Variables:
PATH=C:/Users/sandeeps36/.p2/pool/plugins/org.eclipse.justj.openjdk.hotspot.jre.full.win32.x86_64_15.0.1.v20201027-0507/jre/bin/server;C:/Users/sandeeps36/.p2/pool/plugins/org.eclipse.justj.openjdk.hotspot.jre.full.win32.x86_64_15.0.1.v20201027-0507/jre/bin;C:\Program Files (x86)\Common Files\Oracle\Java\javapath;C:\WINDOWS\system32;C:\WINDOWS;C:\WINDOWS\System32\Wbem;C:\WINDOWS\System32\WindowsPowerShell\v1.0\;C:\WINDOWS\System32\OpenSSH\;C:\WINDOWS\CCM;C:\WINDOWS\CCM;C:\WINDOWS\CCM;C:\Program Files (x86)\Pulse Secure\VC142.CRT\X64\;C:\Program Files (x86)\Pulse Secure\VC142.CRT\X86\;C:\Users\sandeeps36\AppData\Local\Microsoft\WindowsApps;C:\Users\sandeeps36\AppData\Local\GitHubDesktop\bin;C:\Users\sandeeps36\eclipse\java-2020-12\eclipse;
USERNAME=sandeeps36
OS=Windows_NT
PROCESSOR_IDENTIFIER=Intel64 Family 6 Model 142 Stepping 10, GenuineIntel



---------------  S Y S T E M  ---------------

OS:
 Windows 10 , 64 bit Build 18362 (10.0.18362.1350)
OS uptime: 4 days 1:08 hours

CPU: total 4 (initial active 4) (4 cores per cpu, 2 threads per core) family 6 model 142 stepping 10 microcode 0xb4, cmov, cx8, fxsr, mmx, sse, sse2, sse3, ssse3, sse4.1, sse4.2, popcnt, vzeroupper, avx, avx2, aes, clmul, erms, 3dnowpref, lzcnt, ht, tsc, tscinvbit, bmi1, bmi2, adx, fma, clflush, clflushopt

Memory: 4k page, system-wide physical 8083M (2287M free)
TotalPageFile size 11593M (AvailPageFile size 3740M)
current process WorkingSet (physical memory assigned to process): 255M, peak: 291M
current process commit charge ("private bytes"): 292M, peak: 317M

vm_info: OpenJDK 64-Bit Server VM (15.0.1+9-18) for windows-amd64 JRE (15.0.1+9-18), built on Sep 15 2020 14:39:31 by "mach5one" with unknown MS VC++:1925

END.
